<?xml version="1.0" encoding="UTF-8"?>
<testsuite name="net.petrikainulainen.gradle.MessageServiceIT" tests="1" skipped="0" failures="0" errors="0" timestamp="2019-07-18T07:58:30" hostname="DAL-8CO136-9W7" time="0.06">
  <properties/>
  <testcase name="getMessage_ShouldReturnMessage" classname="net.petrikainulainen.gradle.MessageServiceIT" time="0.06"/>
  <system-out><![CDATA[]]></system-out>
  <system-err><![CDATA[]]></system-err>
</testsuite>
