<?xml version="1.0" encoding="UTF-8"?>
<testsuite name="net.petrikainulainen.gradle.MessageServiceTest" tests="1" skipped="0" failures="0" errors="0" timestamp="2019-07-18T07:58:24" hostname="DAL-8CO136-9W7" time="0.002">
  <properties/>
  <testcase name="getMessage_ShouldReturnMessage" classname="net.petrikainulainen.gradle.MessageServiceTest" time="0.002"/>
  <system-out><![CDATA[]]></system-out>
  <system-err><![CDATA[]]></system-err>
</testsuite>
